<?xml version="1.0" encoding="UTF-8"?>
<!-- Generated by org.testng.reporters.JUnitReportReporter -->
<testsuite hostname="LAPTOP-F87KAJUA" failures="0" tests="1" name="TestNG.TestNG_01" time="0.009" errors="0" timestamp="05 Dec 2022 16:05:22 GMT" skipped="0">
  <testcase classname="TestNG.TestNG_01" name="test" time="0.009"/>
</testsuite> <!-- TestNG.TestNG_01 -->
